<?xml version='1.0' encoding='UTF-8' ?>
<testsuite tests="0" failures="0" errors="0" skipped="0" time="1.273" timestamp="2024-10-28T17:04:19" hostname="localhost">
  <properties>
    <property name="device" value="New_Device_API_31(AVD) - 12" />
    <property name="flavor" value="" />
    <property name="project" value=":app" />
  </properties>
  <system-err>Exception thrown during onAfterAll invocation of plugin com.android.tools.utp.plugins.host.apkinstaller.AndroidTestApkInstallerPlugin.
device 'emulator-5554' not found
com.android.ddmlib.AdbCommandRejectedException: device 'emulator-5554' not found
	at com.android.ddmlib.AdbHelper.setDevice(AdbHelper.java:1300)
	at com.android.ddmlib.AdbHelper.setDevice(AdbHelper.java:1319)
	at com.android.ddmlib.AdbHelper.executeRemoteCommand(AdbHelper.java:643)
	at com.android.ddmlib.AdbHelper.executeRemoteCommand(AdbHelper.java:511)
	at com.android.ddmlib.internal.DeviceImpl.executeShellCommand(DeviceImpl.java:739)
	at com.android.tools.utp.plugins.deviceprovider.ddmlib.DdmlibAndroidDevice.executeShellCommand(DdmlibAndroidDevice.kt)
	at com.android.tools.utp.plugins.deviceprovider.ddmlib.DdmlibAndroidDeviceController$executeAsync$deferred$1.invokeSuspend(DdmlibAndroidDeviceController.kt:165)
	at kotlin.coroutines.jvm.internal.BaseContinuationImpl.resumeWith(ContinuationImpl.kt:33)
	at kotlinx.coroutines.DispatchedTask.run(DispatchedTask.kt:106)
	at kotlinx.coroutines.scheduling.CoroutineScheduler.runSafely(CoroutineScheduler.kt:571)
	at kotlinx.coroutines.scheduling.CoroutineScheduler$Worker.executeTask(CoroutineScheduler.kt:750)
	at kotlinx.coroutines.scheduling.CoroutineScheduler$Worker.runWorker(CoroutineScheduler.kt:678)
	at kotlinx.coroutines.scheduling.CoroutineScheduler$Worker.run(CoroutineScheduler.kt:665)

Test run failed to complete. No test results
</system-err>
</testsuite>